[0m19:12:17.687300 [debug] [MainThread]: Sending event: {'category': 'dbt', 'action': 'invocation', 'label': 'start', 'context': [<snowplow_tracker.self_describing_json.SelfDescribingJson object at 0x107ef8440>, <snowplow_tracker.self_describing_json.SelfDescribingJson object at 0x1099af750>, <snowplow_tracker.self_describing_json.SelfDescribingJson object at 0x1099af9d0>]}


============================== 19:12:17.689417 | 3e14db2a-bd1d-4347-8103-93d18a0b755b ==============================
[0m19:12:17.689417 [info ] [MainThread]: Running with dbt=1.11.7
[0m19:12:17.689636 [debug] [MainThread]: running dbt with arguments {'cache_selected_only': 'False', 'warn_error_options': 'WarnErrorOptionsV2(error=[], warn=[], silence=[])', 'empty': 'None', 'no_print': 'None', 'profiles_dir': '/Users/rithika/.dbt', 'use_experimental_parser': 'False', 'quiet': 'False', 'log_format': 'default', 'static_parser': 'True', 'fail_fast': 'False', 'partial_parse': 'True', 'send_anonymous_usage_stats': 'True', 'log_path': 'logs', 'log_cache_events': 'False', 'write_json': 'True', 'printer_width': '80', 'indirect_selection': 'eager', 'warn_error': 'None', 'use_colors': 'True', 'introspect': 'True', 'version_check': 'True', 'target_path': 'None', 'debug': 'False', 'invocation_command': 'dbt init dbt_project'}
[0m19:12:17.694881 [info ] [MainThread]: Creating dbt configuration folder at /Users/rithika/.dbt
[0m19:12:17.695383 [info ] [MainThread]: A project called dbt_project already exists here.
[0m19:12:17.708707 [debug] [MainThread]: Resource report: {"command_name": "init", "command_success": true, "command_wall_clock_time": 0.048308335, "process_in_blocks": "0", "process_kernel_time": 0.094932, "process_mem_max_rss": "114458624", "process_out_blocks": "0", "process_user_time": 0.492205}
[0m19:12:17.708974 [debug] [MainThread]: Command `dbt init` succeeded at 19:12:17.708929 after 0.05 seconds
[0m19:12:17.709105 [debug] [MainThread]: Sending event: {'category': 'dbt', 'action': 'invocation', 'label': 'end', 'context': [<snowplow_tracker.self_describing_json.SelfDescribingJson object at 0x1099ddba0>, <snowplow_tracker.self_describing_json.SelfDescribingJson object at 0x109a98950>, <snowplow_tracker.self_describing_json.SelfDescribingJson object at 0x109a3c6b0>]}
[0m19:12:17.709229 [debug] [MainThread]: Flushing usage events
[0m19:12:18.160008 [debug] [MainThread]: An error was encountered while trying to flush usage events
[0m19:12:51.981560 [debug] [MainThread]: Sending event: {'category': 'dbt', 'action': 'invocation', 'label': 'start', 'context': [<snowplow_tracker.self_describing_json.SelfDescribingJson object at 0x1042fc440>, <snowplow_tracker.self_describing_json.SelfDescribingJson object at 0x1212b3750>, <snowplow_tracker.self_describing_json.SelfDescribingJson object at 0x1212b39d0>]}


============================== 19:12:51.983905 | 47d1b393-010c-4e34-880c-f19426c6f734 ==============================
[0m19:12:51.983905 [info ] [MainThread]: Running with dbt=1.11.7
[0m19:12:51.984137 [debug] [MainThread]: running dbt with arguments {'use_experimental_parser': 'False', 'cache_selected_only': 'False', 'send_anonymous_usage_stats': 'True', 'empty': 'None', 'introspect': 'True', 'fail_fast': 'False', 'indirect_selection': 'eager', 'profiles_dir': 'dbt_project', 'partial_parse': 'True', 'log_cache_events': 'False', 'quiet': 'False', 'warn_error_options': 'WarnErrorOptionsV2(error=[], warn=[], silence=[])', 'warn_error': 'None', 'log_path': 'logs', 'use_colors': 'True', 'no_print': 'None', 'version_check': 'True', 'printer_width': '80', 'target_path': 'None', 'static_parser': 'True', 'write_json': 'True', 'log_format': 'default', 'invocation_command': 'dbt debug --project-dir dbt_project --profiles-dir dbt_project', 'debug': 'False'}
[0m19:12:51.991121 [info ] [MainThread]: dbt version: 1.11.7
[0m19:12:51.991340 [info ] [MainThread]: python version: 3.13.9
[0m19:12:51.991463 [info ] [MainThread]: python path: /Users/rithika/finguard-ai/venv/bin/python3
[0m19:12:51.991612 [info ] [MainThread]: os info: macOS-26.2-arm64-arm-64bit-Mach-O
[0m19:12:51.991830 [info ] [MainThread]: Using profiles dir at dbt_project
[0m19:12:51.991985 [info ] [MainThread]: Using profiles.yml file at dbt_project/profiles.yml
[0m19:12:51.992072 [info ] [MainThread]: Using dbt_project.yml file at dbt_project/dbt_project.yml
[0m19:12:51.992160 [info ] [MainThread]: Configuration:
[0m19:12:51.992234 [info ] [MainThread]:   profiles.yml file [[31mERROR not found[0m]
[0m19:12:51.992305 [info ] [MainThread]:   dbt_project.yml file [[31mERROR not found[0m]
[0m19:12:51.992372 [info ] [MainThread]: Required dependencies:
[0m19:12:51.992474 [debug] [MainThread]: Executing "git --help"
[0m19:12:52.003797 [debug] [MainThread]: STDOUT: "b"usage: git [-v | --version] [-h | --help] [-C <path>] [-c <name>=<value>]\n           [--exec-path[=<path>]] [--html-path] [--man-path] [--info-path]\n           [-p | --paginate | -P | --no-pager] [--no-replace-objects] [--no-lazy-fetch]\n           [--no-optional-locks] [--no-advice] [--bare] [--git-dir=<path>]\n           [--work-tree=<path>] [--namespace=<name>] [--config-env=<name>=<envvar>]\n           <command> [<args>]\n\nThese are common Git commands used in various situations:\n\nstart a working area (see also: git help tutorial)\n   clone      Clone a repository into a new directory\n   init       Create an empty Git repository or reinitialize an existing one\n\nwork on the current change (see also: git help everyday)\n   add        Add file contents to the index\n   mv         Move or rename a file, a directory, or a symlink\n   restore    Restore working tree files\n   rm         Remove files from the working tree and from the index\n\nexamine the history and state (see also: git help revisions)\n   bisect     Use binary search to find the commit that introduced a bug\n   diff       Show changes between commits, commit and working tree, etc\n   grep       Print lines matching a pattern\n   log        Show commit logs\n   show       Show various types of objects\n   status     Show the working tree status\n\ngrow, mark and tweak your common history\n   backfill   Download missing objects in a partial clone\n   branch     List, create, or delete branches\n   commit     Record changes to the repository\n   merge      Join two or more development histories together\n   rebase     Reapply commits on top of another base tip\n   reset      Reset current HEAD to the specified state\n   switch     Switch branches\n   tag        Create, list, delete or verify a tag object signed with GPG\n\ncollaborate (see also: git help workflows)\n   fetch      Download objects and refs from another repository\n   pull       Fetch from and integrate with another repository or a local branch\n   push       Update remote refs along with associated objects\n\n'git help -a' and 'git help -g' list available subcommands and some\nconcept guides. See 'git help <command>' or 'git help <concept>'\nto read about a specific subcommand or concept.\nSee 'git help git' for an overview of the system.\n""
[0m19:12:52.004112 [debug] [MainThread]: STDERR: "b''"
[0m19:12:52.004247 [info ] [MainThread]:  - git [[32mOK found[0m]

[0m19:12:52.004639 [info ] [MainThread]: Connection test skipped since no profile was found
[0m19:12:52.004922 [info ] [MainThread]: [31m2 checks failed:[0m
[0m19:12:52.005097 [info ] [MainThread]: dbt looked for a profiles.yml file in dbt_project/profiles.yml, but did
not find one. For more information on configuring your profile, consult the
documentation:

https://docs.getdbt.com/docs/configure-your-profile


[0m19:12:52.005209 [info ] [MainThread]: Project loading failed for the following reason:
 project path <dbt_project/dbt_project.yml> not found

[0m19:12:52.006769 [debug] [MainThread]: Resource report: {"command_name": "debug", "command_success": false, "command_wall_clock_time": 0.047665626, "process_in_blocks": "0", "process_kernel_time": 0.084656, "process_mem_max_rss": "114311168", "process_out_blocks": "0", "process_user_time": 0.412709}
[0m19:12:52.006980 [debug] [MainThread]: Command `dbt debug` failed at 19:12:52.006944 after 0.05 seconds
[0m19:12:52.007160 [debug] [MainThread]: Sending event: {'category': 'dbt', 'action': 'invocation', 'label': 'end', 'context': [<snowplow_tracker.self_describing_json.SelfDescribingJson object at 0x1212e2c40>, <snowplow_tracker.self_describing_json.SelfDescribingJson object at 0x1213245f0>, <snowplow_tracker.self_describing_json.SelfDescribingJson object at 0x121341370>]}
[0m19:12:52.007309 [debug] [MainThread]: Flushing usage events
[0m19:12:52.192947 [debug] [MainThread]: An error was encountered while trying to flush usage events
[0m19:14:15.763973 [debug] [MainThread]: Sending event: {'category': 'dbt', 'action': 'invocation', 'label': 'start', 'context': [<snowplow_tracker.self_describing_json.SelfDescribingJson object at 0x1061ac440>, <snowplow_tracker.self_describing_json.SelfDescribingJson object at 0x107023750>, <snowplow_tracker.self_describing_json.SelfDescribingJson object at 0x1070239d0>]}


============================== 19:14:15.766142 | 48f5a08b-b5b7-4270-803e-7bb67c1d2acc ==============================
[0m19:14:15.766142 [info ] [MainThread]: Running with dbt=1.11.7
[0m19:14:15.766366 [debug] [MainThread]: running dbt with arguments {'send_anonymous_usage_stats': 'True', 'static_parser': 'True', 'partial_parse': 'True', 'no_print': 'None', 'cache_selected_only': 'False', 'use_experimental_parser': 'False', 'target_path': 'None', 'invocation_command': 'dbt init dbt_project', 'write_json': 'True', 'indirect_selection': 'eager', 'profiles_dir': '/Users/rithika/.dbt', 'empty': 'None', 'introspect': 'True', 'version_check': 'True', 'printer_width': '80', 'quiet': 'False', 'warn_error_options': 'WarnErrorOptionsV2(error=[], warn=[], silence=[])', 'log_cache_events': 'False', 'log_path': 'logs', 'debug': 'False', 'log_format': 'default', 'warn_error': 'None', 'use_colors': 'True', 'fail_fast': 'False'}
[0m19:14:15.772426 [debug] [MainThread]: Starter project path: /Users/rithika/finguard-ai/venv/lib/python3.13/site-packages/dbt/include/starter_project
[0m19:14:15.775085 [info ] [MainThread]: 
Your new dbt project "dbt_project" was created!

For more information on how to configure the profiles.yml file,
please consult the dbt documentation here:

  https://docs.getdbt.com/docs/configure-your-profile

One more thing:

Need help? Don't hesitate to reach out to us via GitHub issues or on Slack:

  https://community.getdbt.com/

Happy modeling!

[0m19:14:15.775305 [info ] [MainThread]: Setting up your profile.
[0m19:17:02.624213 [debug] [MainThread]: Snowflake adapter: Setting snowflake.connector to ERROR (file logging only)
[0m19:17:02.624651 [debug] [MainThread]: Snowflake adapter: Setting botocore to ERROR (file logging only)
[0m19:17:02.624750 [debug] [MainThread]: Snowflake adapter: Setting boto3 to ERROR (file logging only)
[0m19:18:50.287880 [info ] [MainThread]: Profile dbt_project written to /Users/rithika/.dbt/profiles.yml using target's profile_template.yml and your supplied values. Run 'dbt debug' to validate the connection.
[0m19:18:50.300032 [debug] [MainThread]: Resource report: {"command_name": "init", "command_success": true, "command_wall_clock_time": 274.5608, "process_in_blocks": "0", "process_kernel_time": 0.187374, "process_mem_max_rss": "174604288", "process_out_blocks": "0", "process_user_time": 0.618415}
[0m19:18:50.303292 [debug] [MainThread]: Command `dbt init` succeeded at 19:18:50.302876 after 274.56 seconds
[0m19:18:50.304422 [debug] [MainThread]: Sending event: {'category': 'dbt', 'action': 'invocation', 'label': 'end', 'context': [<snowplow_tracker.self_describing_json.SelfDescribingJson object at 0x10b123bb0>, <snowplow_tracker.self_describing_json.SelfDescribingJson object at 0x106ee6450>, <snowplow_tracker.self_describing_json.SelfDescribingJson object at 0x10b1fc160>]}
[0m19:18:50.305083 [debug] [MainThread]: Flushing usage events
[0m19:18:50.722272 [debug] [MainThread]: An error was encountered while trying to flush usage events
